# JRE version: Java(TM) SE Runtime Environment (8.0_231-b11) (build 1.8.0_231-b11)
# Java VM: Java HotSpot(TM) 64-Bit Server VM (25.231-b11 mixed mode windows-amd64 compressed oops)
Heap:
 PSYoungGen      total 185344K, used 36060K [0x00000000d6180000, 0x00000000e4a00000, 0x0000000100000000)
  eden space 171008K, 21% used [0x00000000d6180000,0x00000000d84b7028,0x00000000e0880000)
  from space 14336K, 0% used [0x00000000e0880000,0x00000000e0880000,0x00000000e1680000)
  to   space 17408K, 0% used [0x00000000e3900000,0x00000000e3900000,0x00000000e4a00000)
 ParOldGen       total 104960K, used 30449K [0x0000000082400000, 0x0000000088a80000, 0x00000000d6180000)
  object space 104960K, 29% used [0x0000000082400000,0x00000000841bc5d8,0x0000000088a80000)
 Metaspace       used 57514K, capacity 60632K, committed 60712K, reserved 1101824K
  class space    used 7932K, capacity 8462K, committed 8488K, reserved 1048576K
GC Heap History (10 events):
Event: 8.233 GC heap before
{Heap before GC invocations=10 (full 1):
 PSYoungGen      total 126976K, used 98119K [0x00000000d6180000, 0x00000000de780000, 0x0000000100000000)
  eden space 119296K, 75% used [0x00000000d6180000,0x00000000db9f9958,0x00000000dd600000)
  from space 7680K, 97% used [0x00000000de000000,0x00000000de758538,0x00000000de780000)
  to   space 8704K, 0% used [0x00000000dd680000,0x00000000dd680000,0x00000000ddf00000)
 ParOldGen       total 48128K, used 7936K [0x0000000082400000, 0x0000000085300000, 0x00000000d6180000)
  object space 48128K, 16% used [0x0000000082400000,0x0000000082bc0328,0x0000000085300000)
 Metaspace       used 33591K, capacity 35404K, committed 35496K, reserved 1079296K
  class space    used 4431K, capacity 4750K, committed 4776K, reserved 1048576K
Event: 8.250 GC heap after
Heap after GC invocations=10 (full 1):
 PSYoungGen      total 128512K, used 8688K [0x00000000d6180000, 0x00000000e2480000, 0x0000000100000000)
  eden space 119808K, 0% used [0x00000000d6180000,0x00000000d6180000,0x00000000dd680000)
  from space 8704K, 99% used [0x00000000dd680000,0x00000000ddefc3d8,0x00000000ddf00000)
  to   space 11264K, 0% used [0x00000000e1980000,0x00000000e1980000,0x00000000e2480000)
 ParOldGen       total 48128K, used 11768K [0x0000000082400000, 0x0000000085300000, 0x00000000d6180000)
  object space 48128K, 24% used [0x0000000082400000,0x0000000082f7e030,0x0000000085300000)
 Metaspace       used 33591K, capacity 35404K, committed 35496K, reserved 1079296K
  class space    used 4431K, capacity 4750K, committed 4776K, reserved 1048576K
}
Event: 8.250 GC heap before
{Heap before GC invocations=11 (full 2):
 PSYoungGen      total 128512K, used 8688K [0x00000000d6180000, 0x00000000e2480000, 0x0000000100000000)
  eden space 119808K, 0% used [0x00000000d6180000,0x00000000d6180000,0x00000000dd680000)
  from space 8704K, 99% used [0x00000000dd680000,0x00000000ddefc3d8,0x00000000ddf00000)
  to   space 11264K, 0% used [0x00000000e1980000,0x00000000e1980000,0x00000000e2480000)
 ParOldGen       total 48128K, used 11768K [0x0000000082400000, 0x0000000085300000, 0x00000000d6180000)
  object space 48128K, 24% used [0x0000000082400000,0x0000000082f7e030,0x0000000085300000)
 Metaspace       used 33591K, capacity 35404K, committed 35496K, reserved 1079296K
  class space    used 4431K, capacity 4750K, committed 4776K, reserved 1048576K
Event: 8.367 GC heap after
Heap after GC invocations=11 (full 2):
 PSYoungGen      total 128512K, used 0K [0x00000000d6180000, 0x00000000e2480000, 0x0000000100000000)
  eden space 119808K, 0% used [0x00000000d6180000,0x00000000d6180000,0x00000000dd680000)
  from space 8704K, 0% used [0x00000000dd680000,0x00000000dd680000,0x00000000ddf00000)
  to   space 11264K, 0% used [0x00000000e1980000,0x00000000e1980000,0x00000000e2480000)
 ParOldGen       total 74752K, used 17957K [0x0000000082400000, 0x0000000086d00000, 0x00000000d6180000)
  object space 74752K, 24% used [0x0000000082400000,0x0000000083589658,0x0000000086d00000)
 Metaspace       used 33591K, capacity 35404K, committed 35496K, reserved 1079296K
  class space    used 4431K, capacity 4750K, committed 4776K, reserved 1048576K
}
Event: 10.446 GC heap before
{Heap before GC invocations=12 (full 2):
 PSYoungGen      total 128512K, used 119808K [0x00000000d6180000, 0x00000000e2480000, 0x0000000100000000)
  eden space 119808K, 100% used [0x00000000d6180000,0x00000000dd680000,0x00000000dd680000)
  from space 8704K, 0% used [0x00000000dd680000,0x00000000dd680000,0x00000000ddf00000)
  to   space 11264K, 0% used [0x00000000e1980000,0x00000000e1980000,0x00000000e2480000)
 ParOldGen       total 74752K, used 17957K [0x0000000082400000, 0x0000000086d00000, 0x00000000d6180000)
  object space 74752K, 24% used [0x0000000082400000,0x0000000083589658,0x0000000086d00000)
 Metaspace       used 46502K, capacity 48762K, committed 48936K, reserved 1091584K
  class space    used 6457K, capacity 6869K, committed 6952K, reserved 1048576K
Event: 10.468 GC heap after
Heap after GC invocations=12 (full 2):
 PSYoungGen      total 169984K, used 11246K [0x00000000d6180000, 0x00000000e2480000, 0x0000000100000000)
  eden space 158720K, 0% used [0x00000000d6180000,0x00000000d6180000,0x00000000dfc80000)
  from space 11264K, 99% used [0x00000000e1980000,0x00000000e247ba48,0x00000000e2480000)
  to   space 14336K, 0% used [0x00000000e0880000,0x00000000e0880000,0x00000000e1680000)
 ParOldGen       total 74752K, used 22938K [0x0000000082400000, 0x0000000086d00000, 0x00000000d6180000)
  object space 74752K, 30% used [0x0000000082400000,0x0000000083a66a70,0x0000000086d00000)
 Metaspace       used 46502K, capacity 48762K, committed 48936K, reserved 1091584K
  class space    used 6457K, capacity 6869K, committed 6952K, reserved 1048576K
}
Event: 37.357 GC heap before
{Heap before GC invocations=13 (full 2):
 PSYoungGen      total 169984K, used 130985K [0x00000000d6180000, 0x00000000e2480000, 0x0000000100000000)
  eden space 158720K, 75% used [0x00000000d6180000,0x00000000dd66ec50,0x00000000dfc80000)
  from space 11264K, 99% used [0x00000000e1980000,0x00000000e247ba48,0x00000000e2480000)
  to   space 14336K, 0% used [0x00000000e0880000,0x00000000e0880000,0x00000000e1680000)
 ParOldGen       total 74752K, used 22938K [0x0000000082400000, 0x0000000086d00000, 0x00000000d6180000)
  object space 74752K, 30% used [0x0000000082400000,0x0000000083a66a70,0x0000000086d00000)
 Metaspace       used 56051K, capacity 59010K, committed 59160K, reserved 1099776K
  class space    used 7715K, capacity 8243K, committed 8360K, reserved 1048576K
Event: 37.403 GC heap after
Heap after GC invocations=13 (full 2):
 PSYoungGen      total 185344K, used 14329K [0x00000000d6180000, 0x00000000e4a00000, 0x0000000100000000)
  eden space 171008K, 0% used [0x00000000d6180000,0x00000000d6180000,0x00000000e0880000)
  from space 14336K, 99% used [0x00000000e0880000,0x00000000e167e768,0x00000000e1680000)
  to   space 17408K, 0% used [0x00000000e3900000,0x00000000e3900000,0x00000000e4a00000)
 ParOldGen       total 74752K, used 27685K [0x0000000082400000, 0x0000000086d00000, 0x00000000d6180000)
  object space 74752K, 37% used [0x0000000082400000,0x0000000083f097f0,0x0000000086d00000)
 Metaspace       used 56051K, capacity 59010K, committed 59160K, reserved 1099776K
  class space    used 7715K, capacity 8243K, committed 8360K, reserved 1048576K
}
Event: 37.403 GC heap before
{Heap before GC invocations=14 (full 3):
 PSYoungGen      total 185344K, used 14329K [0x00000000d6180000, 0x00000000e4a00000, 0x0000000100000000)
  eden space 171008K, 0% used [0x00000000d6180000,0x00000000d6180000,0x00000000e0880000)
  from space 14336K, 99% used [0x00000000e0880000,0x00000000e167e768,0x00000000e1680000)
  to   space 17408K, 0% used [0x00000000e3900000,0x00000000e3900000,0x00000000e4a00000)
 ParOldGen       total 74752K, used 27685K [0x0000000082400000, 0x0000000086d00000, 0x00000000d6180000)
  object space 74752K, 37% used [0x0000000082400000,0x0000000083f097f0,0x0000000086d00000)
 Metaspace       used 56051K, capacity 59010K, committed 59160K, reserved 1099776K
  class space    used 7715K, capacity 8243K, committed 8360K, reserved 1048576K
Event: 37.621 GC heap after
Heap after GC invocations=14 (full 3):
 PSYoungGen      total 185344K, used 0K [0x00000000d6180000, 0x00000000e4a00000, 0x0000000100000000)
  eden space 171008K, 0% used [0x00000000d6180000,0x00000000d6180000,0x00000000e0880000)
  from space 14336K, 0% used [0x00000000e0880000,0x00000000e0880000,0x00000000e1680000)
  to   space 17408K, 0% used [0x00000000e3900000,0x00000000e3900000,0x00000000e4a00000)
 ParOldGen       total 104960K, used 30449K [0x0000000082400000, 0x0000000088a80000, 0x00000000d6180000)
  object space 104960K, 29% used [0x0000000082400000,0x00000000841bc5d8,0x0000000088a80000)
 Metaspace       used 56051K, capacity 59010K, committed 59160K, reserved 1099776K
  class space    used 7715K, capacity 8243K, committed 8360K, reserved 1048576K
}

